2009-09-16 17:23:24 email_id: 294828 >> Subject: COTIZACION COLTRANS N° C13040-2009 >> To:  >> CC: abotero@coltrans.com.co >> No existe el archivo: /home/abotero/Desarrollo/digitalFile//Cotizaciones/Coltrans/13040-2009/YUdGamF6VTFMbkJrWmc9PQ==
-------------------------------------------------

2009-09-16 17:24:14 email_id: 294829 >> Subject: COTIZACION COLTRANS N° C13040-2009 >> To:  >> CC: abotero@coltrans.com.co >> No existe el archivo: /home/abotero/Desarrollo/digitalFile//Cotizaciones/Coltrans/13040-2009/YUdGamF6VTFMbkJrWmc9PQ==
-------------------------------------------------

2009-10-08 16:49:55 email_id: 307174 >> Subject: Oct-08-2009 - CUADRO DE SEGUIMIENTOS - IMOCOM S A >> To:  >> CC: abotero@coltrans.com.co >> No existe el archivo: /home/abotero/Desarrollo/digitalFile///home/abotero/Desarrollo/colsys_sf3/tmp/status860003168.xls
-------------------------------------------------

2009-10-08 16:49:55 email_id: 307174 >> Subject: Oct-08-2009 - CUADRO DE SEGUIMIENTOS - IMOCOM S A >> To:  >> CC: abotero@coltrans.com.co >> No existe el archivo: /home/abotero/Desarrollo/digitalFile///home/abotero/Desarrollo/digitalFile/reportes/13705-2009/IMOCOM LOGIN PLAN.pdf
-------------------------------------------------

2009-10-09 12:08:19 email_id: 307193 >> Subject: Status Id.: 13598-2009 WELLTEC MACHINERY LTD. / IMOCOM S A [Chiwan -> Buenaventura] CONTRATO MLCX0909002 - OC 28101 de Imocom S.A;CONTRATO MLCX0909001 - OC 28108 de Imocom S.A >> To:  >> CC: abotero@coltrans.com.co,abotero@coltrans.com.co >> ++ Starting Swift_SmtpTransport
<< 220 mail.coltrans.com.co GroupWise Internet Agent 8.0.0  Copyright (c) 1993-2008 Novell, Inc.  All rights reserved. Ready

>> EHLO [127.0.0.1]

<< 250-mail.coltrans.com.co
250-AUTH LOGIN
250-8BITMIME
250-SIZE
250 DSN

>> AUTH LOGIN

<< 334 VXNlcm5hbWU6

>> dGFzYXNfY2FtYmlvcw==

<< 334 UGFzc3dvcmQ6

>> dGFzYXNfY2FtYmlvcw==

<< 235 Authentication successful

++ Swift_SmtpTransport started
>> MAIL FROM: <abotero@coltrans.com.co>

<< 250 Ok

>> RCPT TO: <abotero@coltrans.com.co>

<< 250 Ok

>> DATA

<< 354 Enter mail, end with "." on a line by itself

-------------------------------------------------

2009-10-09 12:08:49 email_id: 307194 >> Subject: Status Id.: 13598-2009 WELLTEC MACHINERY LTD. / IMOCOM S A [Chiwan -> Buenaventura] CONTRATO MLCX0909002 - OC 28101 de Imocom S.A;CONTRATO MLCX0909001 - OC 28108 de Imocom S.A >> To:  >> CC: abotero@coltrans.com.co,abotero@coltrans.com.co >> ++ Starting Swift_SmtpTransport
<< 220 mail.coltrans.com.co GroupWise Internet Agent 8.0.0  Copyright (c) 1993-2008 Novell, Inc.  All rights reserved. Ready

>> EHLO [127.0.0.1]

<< 250-mail.coltrans.com.co
250-AUTH LOGIN
250-8BITMIME
250-SIZE
250 DSN

>> AUTH LOGIN

<< 334 VXNlcm5hbWU6

>> dGFzYXNfY2FtYmlvcw==

<< 334 UGFzc3dvcmQ6

>> dGFzYXNfY2FtYmlvcw==

<< 235 Authentication successful

++ Swift_SmtpTransport started
>> MAIL FROM: <abotero@coltrans.com.co>

<< 250 Ok

>> RCPT TO: <abotero@coltrans.com.co>

<< 250 Ok

>> DATA

<< 354 Enter mail, end with "." on a line by itself

-------------------------------------------------

2009-10-09 12:10:43 email_id: 307195 >> Subject: Status Id.: 13598-2009 WELLTEC MACHINERY LTD. / IMOCOM S A [Chiwan -> Buenaventura] CONTRATO MLCX0909002 - OC 28101 de Imocom S.A;CONTRATO MLCX0909001 - OC 28108 de Imocom S.A >> To:  >> CC: abotero@coltrans.com.co,abotero@coltrans.com.co >> ++ Starting Swift_SmtpTransport
<< 220 mail.coltrans.com.co GroupWise Internet Agent 8.0.0  Copyright (c) 1993-2008 Novell, Inc.  All rights reserved. Ready

>> EHLO [127.0.0.1]

<< 250-mail.coltrans.com.co
250-AUTH LOGIN
250-8BITMIME
250-SIZE
250 DSN

>> AUTH LOGIN

<< 334 VXNlcm5hbWU6

>> dGFzYXNfY2FtYmlvcw==

<< 334 UGFzc3dvcmQ6

>> dGFzYXNfY2FtYmlvcw==

<< 235 Authentication successful

++ Swift_SmtpTransport started
>> MAIL FROM: <abotero@coltrans.com.co>

<< 250 Ok

>> RCPT TO: <abotero@coltrans.com.co>

<< 250 Ok

>> DATA

<< 354 Enter mail, end with "." on a line by itself

-------------------------------------------------

2009-10-09 12:12:25 email_id: 307196 >> Subject: Status Id.: 13598-2009 WELLTEC MACHINERY LTD. / IMOCOM S A [Chiwan -> Buenaventura] CONTRATO MLCX0909002 - OC 28101 de Imocom S.A;CONTRATO MLCX0909001 - OC 28108 de Imocom S.A >> To:  >> CC: abotero@coltrans.com.co,abotero@coltrans.com.co >> ++ Starting Swift_SmtpTransport
!! Connection could not be established with host 10.192.1.30 [No route to host #113]
-------------------------------------------------

2009-10-09 12:23:23 email_id: 307199 >> Subject: Status Id.: 13598-2009 WELLTEC MACHINERY LTD. / IMOCOM S A [Chiwan -> Buenaventura] CONTRATO MLCX0909002 - OC 28101 de Imocom S.A;CONTRATO MLCX0909001 - OC 28108 de Imocom S.A >> To:  >> CC: abotero@coltrans.com.co,abotero@coltrans.com.co >> ++ Starting Swift_SmtpTransport
<< 220 mail.coltrans.com.co GroupWise Internet Agent 8.0.0  Copyright (c) 1993-2008 Novell, Inc.  All rights reserved. Ready

>> EHLO [127.0.0.1]

<< 250-mail.coltrans.com.co
250-AUTH LOGIN
250-8BITMIME
250-SIZE
250 DSN

>> AUTH LOGIN

<< 334 VXNlcm5hbWU6

>> dGFzYXNfY2FtYmlvcw==

<< 334 UGFzc3dvcmQ6

>> dGFzYXNfY2FtYmlvcw==

<< 235 Authentication successful

++ Swift_SmtpTransport started
>> MAIL FROM: <abotero@coltrans.com.co>

<< 250 Ok

>> RCPT TO: <abotero@coltrans.com.co>

<< 250 Ok

>> DATA

<< 354 Enter mail, end with "." on a line by itself

-------------------------------------------------

2009-10-09 12:37:30 email_id: 307201 >> Subject: Oct-09-2009 - CUADRO DE SEGUIMIENTOS - IMOCOM S A >> To: abotero@coltrans.com.co >> CC: abotero@coltrans.com.co >> ++ Starting Swift_SmtpTransport
<< 220 mail.coltrans.com.co GroupWise Internet Agent 8.0.0  Copyright (c) 1993-2008 Novell, Inc.  All rights reserved. Ready

>> EHLO [127.0.0.1]

<< 250-mail.coltrans.com.co
250-AUTH LOGIN
250-8BITMIME
250-SIZE
250 DSN

>> AUTH LOGIN

<< 334 VXNlcm5hbWU6

>> dGFzYXNfY2FtYmlvcw==

<< 334 UGFzc3dvcmQ6

>> dGFzYXNfY2FtYmlvcw==

<< 235 Authentication successful

++ Swift_SmtpTransport started
>> MAIL FROM: <abotero@coltrans.com.co>

<< 250 Ok

>> RCPT TO: <abotero@coltrans.com.co>

<< 250 Ok

>> DATA

<< 354 Enter mail, end with "." on a line by itself

-------------------------------------------------

2009-10-13 11:21:09 email_id: 307221 >> Subject: Status Id.: 13181-2009 FEBI GMBH & CO. KG. / IMPORTADORA COLOMBIANA DE AUTOPARTES DIESEL LTDA IMCOLDIESEL [Bremen -> Cartagena] 702941 >> To: abotero@coltrans.com.co >> CC: seguros@coltrans.com.co,seguros@coltrans.com.co,abotero@coltrans.com.co,syepes@coltrans.com.co >> No existe el archivo: /home/abotero/Desarrollo/digitalFile//reportes/13181-2009/hack55.pdf
-------------------------------------------------

2009-10-13 11:21:09 email_id: 307221 >> Subject: Status Id.: 13181-2009 FEBI GMBH & CO. KG. / IMPORTADORA COLOMBIANA DE AUTOPARTES DIESEL LTDA IMCOLDIESEL [Bremen -> Cartagena] 702941 >> To: abotero@coltrans.com.co >> CC: seguros@coltrans.com.co,seguros@coltrans.com.co,abotero@coltrans.com.co,syepes@coltrans.com.co >> No existe el archivo: /home/abotero/Desarrollo/digitalFile//reportes/13181-2009/Gloria
-------------------------------------------------

2009-10-14 09:23:22 email_id: 307227 >> Subject: Confirmación de Llegada Id.: 7032-2009 FASSMER GMBH & CO.KG / CORP. DE CIENCIA Y TECNOLOGIA PARA EL DESARROLLO - COTECMAR  [Bremen -> Cartagena] 0 >> To: abotero@coltrans.com.co >> CC: abotero@coltrans.com.co >> No existe el archivo: /home/abotero/Desarrollo/digitalFile//reportes/7032-2009/hack55.pdf
-------------------------------------------------

